  [1m[35m (6.2ms)[0m  [1m[35mCREATE TABLE "schema_migrations" ("version" varchar NOT NULL PRIMARY KEY)[0m
  [1m[35m (0.2ms)[0m  [1m[35mCREATE TABLE "ar_internal_metadata" ("key" varchar NOT NULL PRIMARY KEY, "value" varchar, "created_at" datetime(6) NOT NULL, "updated_at" datetime(6) NOT NULL)[0m
  [1m[36mActiveRecord::InternalMetadata Load (0.2ms)[0m  [1m[34mSELECT * FROM "ar_internal_metadata" WHERE "ar_internal_metadata"."key" = ? ORDER BY "ar_internal_metadata"."key" ASC LIMIT 1[0m  [[nil, "environment"]]
  [1m[36mActiveRecord::InternalMetadata Create (0.3ms)[0m  [1m[32mINSERT INTO "ar_internal_metadata" ("key", "value", "created_at", "updated_at") VALUES ('environment', 'development', '2024-02-13 10:24:58.101380', '2024-02-13 10:24:58.101384') RETURNING "key"[0m
  [1m[36mActiveRecord::SchemaMigration Load (0.1ms)[0m  [1m[34mSELECT "schema_migrations"."version" FROM "schema_migrations" ORDER BY "schema_migrations"."version" ASC[0m
Migrating to CreateMembers (20240213102422)
  [1m[36mTRANSACTION (0.1ms)[0m  [1m[36mbegin transaction[0m
  [1m[35m (1.0ms)[0m  [1m[35mCREATE TABLE "members" ("id" integer PRIMARY KEY AUTOINCREMENT NOT NULL, "name" varchar, "age" integer, "created_at" datetime(6) NOT NULL, "updated_at" datetime(6) NOT NULL)[0m
  [1m[36mActiveRecord::SchemaMigration Create (0.2ms)[0m  [1m[32mINSERT INTO "schema_migrations" ("version") VALUES ('20240213102422') RETURNING "version"[0m
  [1m[36mTRANSACTION (0.2ms)[0m  [1m[36mcommit transaction[0m
  [1m[36mActiveRecord::SchemaMigration Load (0.1ms)[0m  [1m[34mSELECT "schema_migrations"."version" FROM "schema_migrations" ORDER BY "schema_migrations"."version" ASC[0m
Started GET "/" for 127.0.0.1 at 2024-02-13 15:55:26 +0530
  [1m[36mActiveRecord::SchemaMigration Load (0.2ms)[0m  [1m[34mSELECT "schema_migrations"."version" FROM "schema_migrations" ORDER BY "schema_migrations"."version" ASC[0m
Processing by Rails::WelcomeController#index as HTML
  Rendering C:/Ruby32-x64/lib/ruby/gems/3.2.0/gems/railties-7.1.3/lib/rails/templates/rails/welcome/index.html.erb
  Rendered C:/Ruby32-x64/lib/ruby/gems/3.2.0/gems/railties-7.1.3/lib/rails/templates/rails/welcome/index.html.erb (Duration: 1.7ms | Allocations: 376)
Completed 200 OK in 147ms (Views: 40.0ms | ActiveRecord: 0.0ms | Allocations: 8817)


Started GET "/health" for 127.0.0.1 at 2024-02-13 15:56:15 +0530
  
ActionController::RoutingError (No route matches [GET] "/health"):
  
Started GET "/members/custom_action" for ::1 at 2024-02-13 15:57:57 +0530
  [1m[36mActiveRecord::SchemaMigration Load (0.2ms)[0m  [1m[34mSELECT "schema_migrations"."version" FROM "schema_migrations" ORDER BY "schema_migrations"."version" ASC[0m
  
AbstractController::ActionNotFound (The action 'custom_action' could not be found for MembersController):
  
actionpack (7.1.3) lib/abstract_controller/base.rb:155:in `process'
actionview (7.1.3) lib/action_view/rendering.rb:40:in `process'
actionpack (7.1.3) lib/action_controller/metal.rb:227:in `dispatch'
actionpack (7.1.3) lib/action_controller/metal.rb:309:in `dispatch'
actionpack (7.1.3) lib/action_dispatch/routing/route_set.rb:49:in `dispatch'
actionpack (7.1.3) lib/action_dispatch/routing/route_set.rb:32:in `serve'
actionpack (7.1.3) lib/action_dispatch/journey/router.rb:51:in `block in serve'
actionpack (7.1.3) lib/action_dispatch/journey/router.rb:131:in `block in find_routes'
actionpack (7.1.3) lib/action_dispatch/journey/router.rb:124:in `each'
actionpack (7.1.3) lib/action_dispatch/journey/router.rb:124:in `find_routes'
actionpack (7.1.3) lib/action_dispatch/journey/router.rb:32:in `serve'
actionpack (7.1.3) lib/action_dispatch/routing/route_set.rb:882:in `call'
rack (3.0.9) lib/rack/tempfile_reaper.rb:20:in `call'
rack (3.0.9) lib/rack/etag.rb:29:in `call'
rack (3.0.9) lib/rack/conditional_get.rb:31:in `call'
rack (3.0.9) lib/rack/head.rb:15:in `call'
actionpack (7.1.3) lib/action_dispatch/http/permissions_policy.rb:36:in `call'
actionpack (7.1.3) lib/action_dispatch/http/content_security_policy.rb:33:in `call'
rack-session (2.0.0) lib/rack/session/abstract/id.rb:272:in `context'
rack-session (2.0.0) lib/rack/session/abstract/id.rb:266:in `call'
actionpack (7.1.3) lib/action_dispatch/middleware/cookies.rb:689:in `call'
activerecord (7.1.3) lib/active_record/migration.rb:655:in `call'
actionpack (7.1.3) lib/action_dispatch/middleware/callbacks.rb:29:in `block in call'
activesupport (7.1.3) lib/active_support/callbacks.rb:101:in `run_callbacks'
actionpack (7.1.3) lib/action_dispatch/middleware/callbacks.rb:28:in `call'
actionpack (7.1.3) lib/action_dispatch/middleware/executor.rb:14:in `call'
actionpack (7.1.3) lib/action_dispatch/middleware/actionable_exceptions.rb:16:in `call'
actionpack (7.1.3) lib/action_dispatch/middleware/debug_exceptions.rb:29:in `call'
web-console (4.2.1) lib/web_console/middleware.rb:132:in `call_app'
web-console (4.2.1) lib/web_console/middleware.rb:28:in `block in call'
web-console (4.2.1) lib/web_console/middleware.rb:17:in `catch'
web-console (4.2.1) lib/web_console/middleware.rb:17:in `call'
actionpack (7.1.3) lib/action_dispatch/middleware/show_exceptions.rb:31:in `call'
railties (7.1.3) lib/rails/rack/logger.rb:37:in `call_app'
railties (7.1.3) lib/rails/rack/logger.rb:24:in `block in call'
activesupport (7.1.3) lib/active_support/tagged_logging.rb:135:in `block in tagged'
activesupport (7.1.3) lib/active_support/tagged_logging.rb:39:in `tagged'
activesupport (7.1.3) lib/active_support/tagged_logging.rb:135:in `tagged'
activesupport (7.1.3) lib/active_support/broadcast_logger.rb:240:in `method_missing'
railties (7.1.3) lib/rails/rack/logger.rb:24:in `call'
sprockets-rails (3.4.2) lib/sprockets/rails/quiet_assets.rb:13:in `call'
actionpack (7.1.3) lib/action_dispatch/middleware/remote_ip.rb:92:in `call'
actionpack (7.1.3) lib/action_dispatch/middleware/request_id.rb:28:in `call'
rack (3.0.9) lib/rack/method_override.rb:28:in `call'
rack (3.0.9) lib/rack/runtime.rb:24:in `call'
activesupport (7.1.3) lib/active_support/cache/strategy/local_cache_middleware.rb:29:in `call'
actionpack (7.1.3) lib/action_dispatch/middleware/server_timing.rb:59:in `block in call'
actionpack (7.1.3) lib/action_dispatch/middleware/server_timing.rb:24:in `collect_events'
actionpack (7.1.3) lib/action_dispatch/middleware/server_timing.rb:58:in `call'
actionpack (7.1.3) lib/action_dispatch/middleware/executor.rb:14:in `call'
actionpack (7.1.3) lib/action_dispatch/middleware/static.rb:25:in `call'
rack (3.0.9) lib/rack/sendfile.rb:114:in `call'
actionpack (7.1.3) lib/action_dispatch/middleware/host_authorization.rb:141:in `call'
railties (7.1.3) lib/rails/engine.rb:536:in `call'
puma (6.4.2) lib/puma/configuration.rb:272:in `call'
puma (6.4.2) lib/puma/request.rb:100:in `block in handle_request'
puma (6.4.2) lib/puma/thread_pool.rb:378:in `with_force_shutdown'
puma (6.4.2) lib/puma/request.rb:99:in `handle_request'
puma (6.4.2) lib/puma/server.rb:464:in `process_client'
puma (6.4.2) lib/puma/server.rb:245:in `block in run'
puma (6.4.2) lib/puma/thread_pool.rb:155:in `block in spawn_thread'
Started GET "/members/custom_action" for ::1 at 2024-02-13 15:58:36 +0530
Processing by MembersController#index as HTML
  Rendering layout layouts/application.html.erb
  Rendering members/index.html.erb within layouts/application
  [1m[36mMember Load (0.1ms)[0m  [1m[34mSELECT "members".* FROM "members"[0m
  ↳ app/views/members/index.html.erb:6
  Rendered members/index.html.erb within layouts/application (Duration: 8.8ms | Allocations: 1460)
  Rendered layout layouts/application.html.erb (Duration: 494.3ms | Allocations: 82592)
Completed 500 Internal Server Error in 621ms (ActiveRecord: 3.6ms | Allocations: 94334)


  
ActionView::Template::Error (Permission denied @ rb_file_s_rename - (C:/rails/first/members_app/tmp/cache/assets/sprockets/v4.0.0/YS/YSBRnKWmc4ZWLOm46mjz4F5y8TxzFkRcg9Axr8ZmvIE.cache.30300.10620.813173, C:/rails/first/members_app/tmp/cache/assets/sprockets/v4.0.0/YS/YSBRnKWmc4ZWLOm46mjz4F5y8TxzFkRcg9Axr8ZmvIE.cache)):
  
sprockets (4.2.1) lib/sprockets/path_utils.rb:362:in `rename'
sprockets (4.2.1) lib/sprockets/path_utils.rb:362:in `atomic_write'
sprockets (4.2.1) lib/sprockets/cache/file_store.rb:112:in `set'
sprockets (4.2.1) lib/sprockets/cache.rb:227:in `set'
sprockets (4.2.1) lib/sprockets/cache.rb:143:in `set'
sprockets (4.2.1) lib/sprockets/loader.rb:268:in `store_asset'
sprockets (4.2.1) lib/sprockets/loader.rb:228:in `load_from_unloaded'
sprockets (4.2.1) lib/sprockets/loader.rb:59:in `block in load'
sprockets (4.2.1) lib/sprockets/loader.rb:339:in `fetch_asset_from_dependency_cache'
sprockets (4.2.1) lib/sprockets/loader.rb:43:in `load'
sprockets (4.2.1) lib/sprockets/cached_environment.rb:44:in `block in load'
concurrent-ruby (1.2.3) lib/concurrent-ruby/concurrent/map.rb:207:in `block in fetch_or_store'
concurrent-ruby (1.2.3) lib/concurrent-ruby/concurrent/map.rb:187:in `fetch'
concurrent-ruby (1.2.3) lib/concurrent-ruby/concurrent/map.rb:206:in `fetch_or_store'
sprockets (4.2.1) lib/sprockets/cached_environment.rb:44:in `load'
sprockets (4.2.1) lib/sprockets/bundle.rb:27:in `call'
sprockets (4.2.1) lib/sprockets/processor_utils.rb:84:in `call_processor'
sprockets (4.2.1) lib/sprockets/processor_utils.rb:66:in `block in call_processors'
sprockets (4.2.1) lib/sprockets/processor_utils.rb:65:in `reverse_each'
sprockets (4.2.1) lib/sprockets/processor_utils.rb:65:in `call_processors'
sprockets (4.2.1) lib/sprockets/loader.rb:184:in `load_from_unloaded'
sprockets (4.2.1) lib/sprockets/loader.rb:59:in `block in load'
sprockets (4.2.1) lib/sprockets/loader.rb:339:in `fetch_asset_from_dependency_cache'
sprockets (4.2.1) lib/sprockets/loader.rb:43:in `load'
sprockets (4.2.1) lib/sprockets/cached_environment.rb:44:in `block in load'
concurrent-ruby (1.2.3) lib/concurrent-ruby/concurrent/map.rb:207:in `block in fetch_or_store'
concurrent-ruby (1.2.3) lib/concurrent-ruby/concurrent/map.rb:187:in `fetch'
concurrent-ruby (1.2.3) lib/concurrent-ruby/concurrent/map.rb:206:in `fetch_or_store'
sprockets (4.2.1) lib/sprockets/cached_environment.rb:44:in `load'
sprockets (4.2.1) lib/sprockets/bundle.rb:32:in `block in call'
C:/Ruby32-x64/lib/ruby/3.2.0/set.rb:511:in `each_key'
C:/Ruby32-x64/lib/ruby/3.2.0/set.rb:511:in `each'
sprockets (4.2.1) lib/sprockets/bundle.rb:31:in `call'
sprockets (4.2.1) lib/sprockets/processor_utils.rb:84:in `call_processor'
sprockets (4.2.1) lib/sprockets/processor_utils.rb:66:in `block in call_processors'
sprockets (4.2.1) lib/sprockets/processor_utils.rb:65:in `reverse_each'
sprockets (4.2.1) lib/sprockets/processor_utils.rb:65:in `call_processors'
sprockets (4.2.1) lib/sprockets/loader.rb:184:in `load_from_unloaded'
sprockets (4.2.1) lib/sprockets/loader.rb:59:in `block in load'
sprockets (4.2.1) lib/sprockets/loader.rb:339:in `fetch_asset_from_dependency_cache'
sprockets (4.2.1) lib/sprockets/loader.rb:43:in `load'
sprockets (4.2.1) lib/sprockets/cached_environment.rb:44:in `block in load'
concurrent-ruby (1.2.3) lib/concurrent-ruby/concurrent/map.rb:207:in `block in fetch_or_store'
concurrent-ruby (1.2.3) lib/concurrent-ruby/concurrent/map.rb:187:in `fetch'
concurrent-ruby (1.2.3) lib/concurrent-ruby/concurrent/map.rb:206:in `fetch_or_store'
sprockets (4.2.1) lib/sprockets/cached_environment.rb:44:in `load'
sprockets (4.2.1) lib/sprockets/base.rb:81:in `find_asset'
sprockets (4.2.1) lib/sprockets/base.rb:88:in `find_all_linked_assets'
sprockets (4.2.1) lib/sprockets/manifest.rb:125:in `each'
sprockets (4.2.1) lib/sprockets/manifest.rb:125:in `to_a'
sprockets (4.2.1) lib/sprockets/manifest.rb:125:in `block (2 levels) in find'
concurrent-ruby (1.2.3) lib/concurrent-ruby/concurrent/executor/safe_task_executor.rb:24:in `block in execute'
concurrent-ruby (1.2.3) lib/concurrent-ruby/concurrent/synchronization/mutex_lockable_object.rb:48:in `block in synchronize'
concurrent-ruby (1.2.3) lib/concurrent-ruby/concurrent/synchronization/mutex_lockable_object.rb:48:in `synchronize'
concurrent-ruby (1.2.3) lib/concurrent-ruby/concurrent/synchronization/mutex_lockable_object.rb:48:in `synchronize'
concurrent-ruby (1.2.3) lib/concurrent-ruby/concurrent/executor/safe_task_executor.rb:22:in `execute'
concurrent-ruby (1.2.3) lib/concurrent-ruby/concurrent/promise.rb:564:in `block in realize'
concurrent-ruby (1.2.3) lib/concurrent-ruby/concurrent/executor/ruby_thread_pool_executor.rb:359:in `run_task'
concurrent-ruby (1.2.3) lib/concurrent-ruby/concurrent/executor/ruby_thread_pool_executor.rb:350:in `block (3 levels) in create_worker'
concurrent-ruby (1.2.3) lib/concurrent-ruby/concurrent/executor/ruby_thread_pool_executor.rb:341:in `loop'
concurrent-ruby (1.2.3) lib/concurrent-ruby/concurrent/executor/ruby_thread_pool_executor.rb:341:in `block (2 levels) in create_worker'
concurrent-ruby (1.2.3) lib/concurrent-ruby/concurrent/executor/ruby_thread_pool_executor.rb:340:in `catch'
concurrent-ruby (1.2.3) lib/concurrent-ruby/concurrent/executor/ruby_thread_pool_executor.rb:340:in `block in create_worker'
Started GET "/members" for ::1 at 2024-02-13 16:00:48 +0530
Processing by MembersController#index as HTML
  Rendering layout layouts/application.html.erb
  Rendering members/index.html.erb within layouts/application
  [1m[36mMember Load (0.2ms)[0m  [1m[34mSELECT "members".* FROM "members"[0m
  ↳ app/views/members/index.html.erb:6
  Rendered members/index.html.erb within layouts/application (Duration: 9.6ms | Allocations: 1096)
  Rendered layout layouts/application.html.erb (Duration: 281.7ms | Allocations: 31955)
Completed 200 OK in 389ms (Views: 301.0ms | ActiveRecord: 7.9ms | Allocations: 33612)


Started GET "/members/new" for ::1 at 2024-02-13 16:00:53 +0530
Processing by MembersController#new as HTML
  Rendering layout layouts/application.html.erb
  Rendering members/new.html.erb within layouts/application
  Rendered members/_form.html.erb (Duration: 221.2ms | Allocations: 5615)
  Rendered members/new.html.erb within layouts/application (Duration: 253.2ms | Allocations: 5900)
  Rendered layout layouts/application.html.erb (Duration: 258.8ms | Allocations: 7047)
Completed 200 OK in 375ms (Views: 260.2ms | ActiveRecord: 0.6ms | Allocations: 16450)


Started POST "/members" for ::1 at 2024-02-13 16:00:59 +0530
Processing by MembersController#create as TURBO_STREAM
  Parameters: {"authenticity_token"=>"[FILTERED]", "member"=>{"name"=>"sanjai", "age"=>"22"}, "commit"=>"Create Member"}
  [1m[36mTRANSACTION (0.1ms)[0m  [1m[36mbegin transaction[0m
  ↳ app/controllers/members_controller.rb:27:in `block in create'
  [1m[36mMember Create (2.4ms)[0m  [1m[32mINSERT INTO "members" ("name", "age", "created_at", "updated_at") VALUES (?, ?, ?, ?) RETURNING "id"[0m  [["name", "sanjai"], ["age", 22], ["created_at", "2024-02-13 10:30:59.777194"], ["updated_at", "2024-02-13 10:30:59.777194"]]
  ↳ app/controllers/members_controller.rb:27:in `block in create'
  [1m[36mTRANSACTION (6.6ms)[0m  [1m[36mcommit transaction[0m
  ↳ app/controllers/members_controller.rb:27:in `block in create'
Redirected to http://localhost:3000/members/1
Completed 302 Found in 20ms (ActiveRecord: 9.0ms | Allocations: 3486)


Started GET "/members/1" for ::1 at 2024-02-13 16:00:59 +0530
Processing by MembersController#show as TURBO_STREAM
  Parameters: {"id"=>"1"}
  [1m[36mMember Load (0.3ms)[0m  [1m[34mSELECT "members".* FROM "members" WHERE "members"."id" = ? LIMIT ?[0m  [["id", 1], ["LIMIT", 1]]
  ↳ app/controllers/members_controller.rb:63:in `set_member'
  Rendering layout layouts/application.html.erb
  Rendering members/show.html.erb within layouts/application
  Rendered members/_member.html.erb (Duration: 2.2ms | Allocations: 184)
  Rendered members/show.html.erb within layouts/application (Duration: 45.5ms | Allocations: 1369)
  Rendered layout layouts/application.html.erb (Duration: 55.6ms | Allocations: 2509)
Completed 200 OK in 113ms (Views: 57.7ms | ActiveRecord: 0.3ms | Allocations: 5573)


Started GET "/members" for ::1 at 2024-02-13 16:01:01 +0530
Processing by MembersController#index as HTML
  Rendering layout layouts/application.html.erb
  Rendering members/index.html.erb within layouts/application
  [1m[36mMember Load (0.1ms)[0m  [1m[34mSELECT "members".* FROM "members"[0m
  ↳ app/views/members/index.html.erb:6
  Rendered members/_member.html.erb (Duration: 0.1ms | Allocations: 18)
  Rendered members/index.html.erb within layouts/application (Duration: 4.3ms | Allocations: 748)
  Rendered layout layouts/application.html.erb (Duration: 11.8ms | Allocations: 1893)
Completed 200 OK in 18ms (Views: 13.2ms | ActiveRecord: 0.1ms | Allocations: 2174)


Started GET "/members/1/edit" for ::1 at 2024-02-13 16:01:01 +0530
Processing by MembersController#edit as HTML
  Parameters: {"id"=>"1"}
  [1m[36mMember Load (0.1ms)[0m  [1m[34mSELECT "members".* FROM "members" WHERE "members"."id" = ? LIMIT ?[0m  [["id", 1], ["LIMIT", 1]]
  ↳ app/controllers/members_controller.rb:63:in `set_member'
  Rendering layout layouts/application.html.erb
  Rendering members/edit.html.erb within layouts/application
  Rendered members/_form.html.erb (Duration: 1.3ms | Allocations: 807)
  Rendered members/edit.html.erb within layouts/application (Duration: 3.1ms | Allocations: 1085)
  Rendered layout layouts/application.html.erb (Duration: 8.1ms | Allocations: 2226)
Completed 200 OK in 42ms (Views: 9.7ms | ActiveRecord: 0.1ms | Allocations: 2911)


Started GET "/members" for ::1 at 2024-02-13 16:01:01 +0530
Processing by MembersController#index as HTML
  Rendering layout layouts/application.html.erb
  Rendering members/index.html.erb within layouts/application
  [1m[36mMember Load (0.1ms)[0m  [1m[34mSELECT "members".* FROM "members"[0m
  ↳ app/views/members/index.html.erb:6
  Rendered members/_member.html.erb (Duration: 0.1ms | Allocations: 18)
  Rendered members/index.html.erb within layouts/application (Duration: 3.9ms | Allocations: 774)
  Rendered layout layouts/application.html.erb (Duration: 10.6ms | Allocations: 1919)
Completed 200 OK in 15ms (Views: 11.7ms | ActiveRecord: 0.1ms | Allocations: 2200)


Started GET "/members/1" for ::1 at 2024-02-13 16:14:03 +0530
Processing by MembersController#show as HTML
  Parameters: {"id"=>"1"}
  [1m[36mMember Load (2.5ms)[0m  [1m[34mSELECT "members".* FROM "members" WHERE "members"."id" = ? LIMIT ?[0m  [["id", 1], ["LIMIT", 1]]
  ↳ app/controllers/members_controller.rb:63:in `set_member'
  Rendering layout layouts/application.html.erb
  Rendering members/show.html.erb within layouts/application
  Rendered members/_member.html.erb (Duration: 0.1ms | Allocations: 18)
  Rendered members/show.html.erb within layouts/application (Duration: 1.9ms | Allocations: 488)
  Rendered layout layouts/application.html.erb (Duration: 8.5ms | Allocations: 1628)
Completed 200 OK in 20ms (Views: 10.1ms | ActiveRecord: 4.2ms | Allocations: 2519)


Started GET "/members/new" for ::1 at 2024-02-13 16:14:03 +0530
Processing by MembersController#new as HTML
  Rendering layout layouts/application.html.erb
  Rendering members/new.html.erb within layouts/application
  Rendered members/_form.html.erb (Duration: 2.9ms | Allocations: 742)
  Rendered members/new.html.erb within layouts/application (Duration: 4.2ms | Allocations: 821)
  Rendered layout layouts/application.html.erb (Duration: 12.5ms | Allocations: 1965)
Completed 200 OK in 19ms (Views: 14.1ms | ActiveRecord: 0.0ms | Allocations: 2248)


Started POST "/members" for ::1 at 2024-02-13 16:14:16 +0530
Processing by MembersController#create as TURBO_STREAM
  Parameters: {"authenticity_token"=>"[FILTERED]", "member"=>{"name"=>"kirthi", "age"=>"22"}, "commit"=>"Create Member"}
  [1m[36mTRANSACTION (0.1ms)[0m  [1m[36mbegin transaction[0m
  ↳ app/controllers/members_controller.rb:27:in `block in create'
  [1m[36mMember Create (3.2ms)[0m  [1m[32mINSERT INTO "members" ("name", "age", "created_at", "updated_at") VALUES (?, ?, ?, ?) RETURNING "id"[0m  [["name", "kirthi"], ["age", 22], ["created_at", "2024-02-13 10:44:16.619663"], ["updated_at", "2024-02-13 10:44:16.619663"]]
  ↳ app/controllers/members_controller.rb:27:in `block in create'
  [1m[36mTRANSACTION (6.5ms)[0m  [1m[36mcommit transaction[0m
  ↳ app/controllers/members_controller.rb:27:in `block in create'
Redirected to http://localhost:3000/members/2
Completed 302 Found in 21ms (ActiveRecord: 9.8ms | Allocations: 1912)


Started GET "/members/2" for ::1 at 2024-02-13 16:14:16 +0530
Processing by MembersController#show as TURBO_STREAM
  Parameters: {"id"=>"2"}
  [1m[36mMember Load (0.1ms)[0m  [1m[34mSELECT "members".* FROM "members" WHERE "members"."id" = ? LIMIT ?[0m  [["id", 2], ["LIMIT", 1]]
  ↳ app/controllers/members_controller.rb:63:in `set_member'
  Rendering layout layouts/application.html.erb
  Rendering members/show.html.erb within layouts/application
  Rendered members/_member.html.erb (Duration: 0.1ms | Allocations: 18)
  Rendered members/show.html.erb within layouts/application (Duration: 1.9ms | Allocations: 506)
  Rendered layout layouts/application.html.erb (Duration: 9.0ms | Allocations: 1646)
Completed 200 OK in 16ms (Views: 10.5ms | ActiveRecord: 0.1ms | Allocations: 2268)


Started GET "/members" for ::1 at 2024-02-13 16:14:17 +0530
Processing by MembersController#index as HTML
  Rendering layout layouts/application.html.erb
  Rendering members/index.html.erb within layouts/application
  [1m[36mMember Load (0.2ms)[0m  [1m[34mSELECT "members".* FROM "members"[0m
  ↳ app/views/members/index.html.erb:6
  Rendered members/_member.html.erb (Duration: 0.1ms | Allocations: 18)
  Rendered members/_member.html.erb (Duration: 0.1ms | Allocations: 17)
  Rendered members/index.html.erb within layouts/application (Duration: 6.9ms | Allocations: 906)
  Rendered layout layouts/application.html.erb (Duration: 16.1ms | Allocations: 2051)
Completed 200 OK in 24ms (Views: 17.8ms | ActiveRecord: 0.2ms | Allocations: 2332)


Started GET "/members/1" for ::1 at 2024-02-13 16:14:18 +0530
Processing by MembersController#show as HTML
  Parameters: {"id"=>"1"}
  [1m[36mMember Load (0.1ms)[0m  [1m[34mSELECT "members".* FROM "members" WHERE "members"."id" = ? LIMIT ?[0m  [["id", 1], ["LIMIT", 1]]
  ↳ app/controllers/members_controller.rb:63:in `set_member'
  Rendering layout layouts/application.html.erb
  Rendering members/show.html.erb within layouts/application
  Rendered members/_member.html.erb (Duration: 0.1ms | Allocations: 18)
  Rendered members/show.html.erb within layouts/application (Duration: 1.8ms | Allocations: 488)
  Rendered layout layouts/application.html.erb (Duration: 7.8ms | Allocations: 1628)
Completed 200 OK in 15ms (Views: 9.6ms | ActiveRecord: 0.1ms | Allocations: 2247)


